<?xml version="1.0" encoding="UTF-8"?>
<!-- Generated by org.testng.reporters.JUnitReportReporter -->
<testsuite hostname="hp" failures="0" tests="18" name="testNgFlags.Groups" time="0.031" errors="0" timestamp="2022-11-17T11:44:24 IST" skipped="0">
  <testcase classname="testNgFlags.Groups" name="ft6" time="0.002"/>
  <system-out>
    <![CDATA[functional test case 6 executed]]>
  </system-out>
  <testcase classname="testNgFlags.Groups" name="st4" time="0.000"/>
  <system-out>
    <![CDATA[smoke test case 4 executed]]>
  </system-out>
  <testcase classname="testNgFlags.Groups" name="st3" time="0.001"/>
  <system-out>
    <![CDATA[smoke test case 3 executed]]>
  </system-out>
  <testcase classname="testNgFlags.Groups" name="it2" time="0.001"/>
  <system-out>
    <![CDATA[Integration test case 2 executed]]>
  </system-out>
  <testcase classname="testNgFlags.Groups" name="st6" time="0.000"/>
  <system-out>
    <![CDATA[smoke test case 6 executed]]>
  </system-out>
  <testcase classname="testNgFlags.Groups" name="ft1" time="0.008"/>
  <system-out>
    <![CDATA[functional test case 1 executed]]>
  </system-out>
  <testcase classname="testNgFlags.Groups" name="st2" time="0.001"/>
  <system-out>
    <![CDATA[smoke test case 2 executed]]>
  </system-out>
  <testcase classname="testNgFlags.Groups" name="it4" time="0.002"/>
  <system-out>
    <![CDATA[Integration test case 4 executed]]>
  </system-out>
  <testcase classname="testNgFlags.Groups" name="ft5" time="0.001"/>
  <system-out>
    <![CDATA[functional test case 5 executed]]>
  </system-out>
  <testcase classname="testNgFlags.Groups" name="it3" time="0.001"/>
  <system-out>
    <![CDATA[Integration test case 3 executed]]>
  </system-out>
  <testcase classname="testNgFlags.Groups" name="it6" time="0.001"/>
  <system-out>
    <![CDATA[Integration test case 6 executed]]>
  </system-out>
  <testcase classname="testNgFlags.Groups" name="ft3" time="0.002"/>
  <system-out>
    <![CDATA[functional test case 3 executed]]>
  </system-out>
  <testcase classname="testNgFlags.Groups" name="it5" time="0.003"/>
  <system-out>
    <![CDATA[Integration test case 5 executed]]>
  </system-out>
  <testcase classname="testNgFlags.Groups" name="ft4" time="0.001"/>
  <system-out>
    <![CDATA[functional test case 4 executed]]>
  </system-out>
  <testcase classname="testNgFlags.Groups" name="st5" time="0.002"/>
  <system-out>
    <![CDATA[smoke test case 5 executed]]>
  </system-out>
  <testcase classname="testNgFlags.Groups" name="ft2" time="0.002"/>
  <system-out>
    <![CDATA[functional test case 2 executed]]>
  </system-out>
  <testcase classname="testNgFlags.Groups" name="it1" time="0.001"/>
  <system-out>
    <![CDATA[Integration test case 1 executed]]>
  </system-out>
  <testcase classname="testNgFlags.Groups" name="st1" time="0.002"/>
  <system-out>
    <![CDATA[smoke test case 1 executed]]>
  </system-out>
</testsuite> <!-- testNgFlags.Groups -->
