<?xml version="1.0" encoding="UTF-8"?>
<!-- Generated by org.testng.reporters.JUnitReportReporter -->
<testsuite hostname="hp" failures="0" tests="3" name="testngAnnotations.DataProvider1" time="35.246" errors="0" timestamp="2022-11-22T22:52:42 IST" skipped="0">
  <testcase classname="testngAnnotations.DataProvider1" name="demo" time="6.217"/>
  <system-out/>
  <testcase classname="testngAnnotations.DataProvider1" name="demo" time="6.736"/>
  <system-out/>
  <testcase classname="testngAnnotations.DataProvider1" name="demo" time="22.293"/>
  <system-out/>
</testsuite> <!-- testngAnnotations.DataProvider1 -->
