<?xml version="1.0" encoding="UTF-8"?>
<!-- Generated by org.testng.reporters.JUnitReportReporter -->
<testsuite hostname="hp" failures="0" tests="2" name="testngAnnotations.testNGAnnotationsSeq" time="0.006" errors="0" timestamp="2022-11-18T14:15:52 IST" skipped="0">
  <testcase classname="testngAnnotations.testNGAnnotationsSeq" name="testCase1" time="0.004"/>
  <system-out>
    <![CDATA[test case 1 executed]]>
  </system-out>
  <testcase classname="testngAnnotations.testNGAnnotationsSeq" name="testCase2" time="0.002"/>
  <system-out>
    <![CDATA[test case 2 executed]]>
  </system-out>
</testsuite> <!-- testngAnnotations.testNGAnnotationsSeq -->
