<?xml version="1.0" encoding="UTF-8"?>
<!-- Generated by org.testng.reporters.JUnitReportReporter -->
<testsuite hostname="hp" failures="0" tests="1" name="testngpac.NewTest1" time="0.024" errors="0" timestamp="2022-11-26T11:29:39 IST" skipped="0">
  <testcase classname="testngpac.NewTest1" name="tc1" time="0.024"/>
  <system-out>
    <![CDATA[Sun
Mon
wed]]>
  </system-out>
</testsuite> <!-- testngpac.NewTest1 -->
