<?xml version="1.0" encoding="UTF-8"?>
<!-- Generated by org.testng.reporters.JUnitReportReporter -->
<testsuite hostname="hp" failures="0" tests="2" name="testngAnnotations.ActiTimeLogin" time="14.197" errors="0" timestamp="2022-11-18T14:13:56 IST" skipped="0">
  <testcase classname="testngAnnotations.ActiTimeLogin" name="loginToActiTime" time="7.652"/>
  <system-out/>
  <testcase classname="testngAnnotations.ActiTimeLogin" name="logOutFromActiTime" time="6.545"/>
  <system-out/>
</testsuite> <!-- testngAnnotations.ActiTimeLogin -->
