<?xml version="1.0" encoding="UTF-8"?>
<!-- Generated by org.testng.reporters.JUnitReportReporter -->
<testsuite hostname="hp" failures="0" tests="3" name="testNgFlags.Priority" time="0.017" errors="0" timestamp="2022-11-17T09:58:36 IST" skipped="0">
  <testcase classname="testNgFlags.Priority" name="loginMethod" time="0.012"/>
  <system-out>
    <![CDATA[logging in....]]>
  </system-out>
  <testcase classname="testNgFlags.Priority" name="createUser" time="0.003"/>
  <system-out>
    <![CDATA[creating user....]]>
  </system-out>
  <testcase classname="testNgFlags.Priority" name="logoutMethod" time="0.002"/>
  <system-out>
    <![CDATA[logging out....]]>
  </system-out>
</testsuite> <!-- testNgFlags.Priority -->
