<?xml version="1.0" encoding="UTF-8"?>
<!-- Generated by org.testng.reporters.JUnitReportReporter -->
<testsuite hostname="hp" failures="0" tests="2" name="testngpac.LoginToActitime" time="9.325" errors="0" timestamp="2022-11-19T17:35:36 IST" skipped="0">
  <testcase classname="testngpac.LoginToActitime" name="login" time="2.585"/>
  <system-out/>
  <testcase classname="testngpac.LoginToActitime" name="createuser" time="6.740"/>
  <system-out/>
</testsuite> <!-- testngpac.LoginToActitime -->
