<?xml version="1.0" encoding="UTF-8"?>
<!-- Generated by org.testng.reporters.JUnitReportReporter -->
<testsuite hostname="hp" failures="0" tests="2" name="testNgFlags.Enabled_1" time="8.147" errors="0" timestamp="2022-12-01T22:16:50 IST" skipped="1">
  <testcase classname="testNgFlags.Enabled_1" name="createuser" time="8.147"/>
  <system-out/>
  <testcase classname="testNgFlags.Enabled_1" name="login">
    <skipped/>
  </testcase> <!-- login -->
  <system-out/>
</testsuite> <!-- testNgFlags.Enabled_1 -->
