<?xml version="1.0" encoding="UTF-8"?>
<!-- Generated by org.testng.reporters.JUnitReportReporter -->
<testsuite hostname="hp" failures="0" tests="2" name="testNgparallel.Parallel" time="14.699" errors="0" timestamp="2022-11-19T23:50:07 IST" skipped="0">
  <testcase classname="testNgparallel.Parallel" name="Demo" time="8.381"/>
  <system-out>
    <![CDATA[Log in to Facebook
https://www.facebook.com/login/device-based/regular/login/?login_attempt=1&lwv=100]]>
  </system-out>
  <testcase classname="testNgparallel.Parallel" name="Demo" time="6.318"/>
  <system-out>
    <![CDATA[Log in to Facebook
https://www.facebook.com/login/device-based/regular/login/?login_attempt=1&lwv=100]]>
  </system-out>
</testsuite> <!-- testNgparallel.Parallel -->
