<?xml version="1.0" encoding="UTF-8"?>
<!-- Generated by org.testng.reporters.JUnitReportReporter -->
<testsuite hostname="hp" failures="0" tests="4" name="testNgFlags.DependsOnMethodsOrderCheck" time="0.011" errors="0" timestamp="2022-11-17T11:35:47 IST" skipped="0">
  <testcase classname="testNgFlags.DependsOnMethodsOrderCheck" name="d" time="0.001"/>
  <system-out>
    <![CDATA[D Method]]>
  </system-out>
  <testcase classname="testNgFlags.DependsOnMethodsOrderCheck" name="b" time="0.001"/>
  <system-out>
    <![CDATA[B Method]]>
  </system-out>
  <testcase classname="testNgFlags.DependsOnMethodsOrderCheck" name="c" time="0.008"/>
  <system-out>
    <![CDATA[C Method]]>
  </system-out>
  <testcase classname="testNgFlags.DependsOnMethodsOrderCheck" name="a" time="0.001"/>
  <system-out>
    <![CDATA[A Method]]>
  </system-out>
</testsuite> <!-- testNgFlags.DependsOnMethodsOrderCheck -->
