<?xml version="1.0" encoding="UTF-8"?>
<!-- Generated by org.testng.reporters.JUnitReportReporter -->
<testsuite hostname="hp" failures="0" tests="1" name="testngpac.FirstTestNg" time="0.003" errors="0" timestamp="2022-11-19T15:29:10 IST" skipped="0">
  <testcase classname="testngpac.FirstTestNg" name="f" time="0.003"/>
  <system-out>
    <![CDATA[Sun
Mon
wed]]>
  </system-out>
</testsuite> <!-- testngpac.FirstTestNg -->
