<?xml version="1.0" encoding="UTF-8"?>
<!-- Generated by org.testng.reporters.JUnitReportReporter -->
<testsuite hostname="hp" failures="0" tests="2" name="testNgFlags.Enabled" time="0.010" errors="0" timestamp="2022-11-17T10:23:25 IST" skipped="1">
  <testcase classname="testNgFlags.Enabled" name="login" time="0.010"/>
  <system-out>
    <![CDATA[logging in.......]]>
  </system-out>
  <testcase classname="testNgFlags.Enabled" name="createUser">
    <skipped/>
  </testcase> <!-- createUser -->
  <system-out/>
</testsuite> <!-- testNgFlags.Enabled -->
