<?xml version="1.0" encoding="UTF-8"?>
<!-- Generated by org.testng.reporters.JUnitReportReporter -->
<testsuite hostname="hp" failures="0" tests="3" name="testngpac.Test1" time="13.035" errors="0" timestamp="2022-12-01T22:11:38 IST" skipped="0">
  <testcase classname="testngpac.Test1" name="login" time="3.987"/>
  <system-out/>
  <testcase classname="testngpac.Test1" name="login2" time="2.444"/>
  <system-out/>
  <testcase classname="testngpac.Test1" name="createuser" time="6.604"/>
  <system-out/>
</testsuite> <!-- testngpac.Test1 -->
