<?xml version="1.0" encoding="UTF-8"?>
<!-- Generated by org.testng.reporters.JUnitReportReporter -->
<testsuite hostname="hp" failures="0" tests="2" name="testngpac.LoginToActitime" time="14.660" errors="0" timestamp="2022-12-03T23:20:47 IST" skipped="0">
  <testcase classname="testngpac.LoginToActitime" name="login" time="7.536"/>
  <system-out/>
  <testcase classname="testngpac.LoginToActitime" name="createuser" time="7.124"/>
  <system-out/>
</testsuite> <!-- testngpac.LoginToActitime -->
