<?xml version="1.0" encoding="UTF-8"?>
<!-- Generated by org.testng.reporters.JUnitReportReporter -->
<testsuite hostname="hp" failures="0" tests="1" name="testngpac.LoginToInstagram" time="12.340" errors="0" timestamp="2022-11-20T15:43:09 IST" skipped="0">
  <testcase classname="testngpac.LoginToInstagram" name="loginInstagram" time="12.340"/>
  <system-out/>
</testsuite> <!-- testngpac.LoginToInstagram -->
