<?xml version="1.0" encoding="UTF-8"?>
<!-- Generated by org.testng.reporters.JUnitReportReporter -->
<testsuite hostname="hp" failures="0" tests="2" name="testNgFlags.Description" time="0.009" errors="0" timestamp="2022-11-17T10:47:17 IST" skipped="0">
  <testcase classname="testNgFlags.Description" name="loginToActiTime" time="0.001"/>
  <system-out>
    <![CDATA[loggin in......]]>
  </system-out>
  <testcase classname="testNgFlags.Description" name="Flag2" time="0.008"/>
  <system-out>
    <![CDATA[logging out....]]>
  </system-out>
</testsuite> <!-- testNgFlags.Description -->
