<?xml version="1.0" encoding="UTF-8"?>
<!-- Generated by org.testng.reporters.JUnitReportReporter -->
<testsuite hostname="hp" failures="0" tests="5" name="testNgFlags.InvocationCount" time="0.033" errors="0" timestamp="2022-11-17T10:06:41 IST" skipped="0">
  <testcase classname="testNgFlags.InvocationCount" name="verifyloginButtonEnableDisableStatus" time="0.003"/>
  <system-out>
    <![CDATA[disabled !!]]>
  </system-out>
  <testcase classname="testNgFlags.InvocationCount" name="verifyloginButtonEnableDisableStatus" time="0.006"/>
  <system-out>
    <![CDATA[disabled !!]]>
  </system-out>
  <testcase classname="testNgFlags.InvocationCount" name="verifyloginButtonEnableDisableStatus" time="0.001"/>
  <system-out>
    <![CDATA[disabled !!]]>
  </system-out>
  <testcase classname="testNgFlags.InvocationCount" name="verifyloginButtonEnableDisableStatus" time="0.018"/>
  <system-out>
    <![CDATA[disabled !!]]>
  </system-out>
  <testcase classname="testNgFlags.InvocationCount" name="verifyloginButtonEnableDisableStatus" time="0.005"/>
  <system-out>
    <![CDATA[disabled !!]]>
  </system-out>
</testsuite> <!-- testNgFlags.InvocationCount -->
